nohup: ignoring input
2025-09-22 20:15:07.109409: E external/local_xla/xla/stream_executor/cuda/cuda_dnn.cc:9261] Unable to register cuDNN factory: Attempting to register factory for plugin cuDNN when one has already been registered
2025-09-22 20:15:07.109477: E external/local_xla/xla/stream_executor/cuda/cuda_fft.cc:607] Unable to register cuFFT factory: Attempting to register factory for plugin cuFFT when one has already been registered
2025-09-22 20:15:07.110765: E external/local_xla/xla/stream_executor/cuda/cuda_blas.cc:1515] Unable to register cuBLAS factory: Attempting to register factory for plugin cuBLAS when one has already been registered
2025-09-22 20:15:07.118193: I tensorflow/core/platform/cpu_feature_guard.cc:182] This TensorFlow binary is optimized to use available CPU instructions in performance-critical operations.
To enable the following instructions: AVX2 FMA, in other operations, rebuild TensorFlow with the appropriate compiler flags.
2025-09-22 20:15:08.194464: W tensorflow/compiler/tf2tensorrt/utils/py_utils.cc:38] TF-TRT Warning: Could not find TensorRT
[I 2025-09-22 20:15:11,033] A new study created in RDB with name: resunet_redd_f
2025-09-22 20:15:11.683377: I tensorflow/core/common_runtime/gpu/gpu_device.cc:1929] Created device /job:localhost/replica:0/task:0/device:GPU:0 with 22803 MB memory:  -> device: 0, name: NVIDIA TITAN RTX, pci bus id: 0000:03:00.0, compute capability: 7.5
2025-09-22 20:15:23.665878: I external/local_tsl/tsl/platform/default/subprocess.cc:304] Start cannot spawn child process: No such file or directory
2025-09-22 20:15:24.300549: I external/local_xla/xla/stream_executor/cuda/cuda_dnn.cc:454] Loaded cuDNN version 8904
2025-09-22 20:15:24.432925: I external/local_tsl/tsl/platform/default/subprocess.cc:304] Start cannot spawn child process: No such file or directory
2025-09-22 20:16:09.239862: I external/local_xla/xla/service/service.cc:168] XLA service 0x7b30a0003410 initialized for platform CUDA (this does not guarantee that XLA will be used). Devices:
2025-09-22 20:16:09.239950: I external/local_xla/xla/service/service.cc:176]   StreamExecutor device (0): NVIDIA TITAN RTX, Compute Capability 7.5
2025-09-22 20:16:09.320606: I tensorflow/compiler/mlir/tensorflow/utils/dump_mlir_util.cc:269] disabling MLIR crash reproducer, set env var `MLIR_CRASH_REPRODUCER_DIRECTORY` to enable.
WARNING: All log messages before absl::InitializeLog() is called are written to STDERR
I0000 00:00:1758586569.588738  317872 device_compiler.h:186] Compiled cluster using XLA!  This line is logged at most once for the lifetime of the process.
/home/kwan/resU-tf215/lib/python3.10/site-packages/keras/src/engine/training.py:3103: UserWarning: You are saving your model as an HDF5 file via `model.save()`. This file format is considered legacy. We recommend using instead the native Keras format, e.g. `model.save('my_model.keras')`.
  saving_api.save_model(
[I 2025-09-22 20:53:10,028] Trial 0 finished with value: -0.31195635453190396 and parameters: {'act': 'gelu', 'preact': True, 'up_mode': 'nearest', 'dropout_rate': 0.9869021545015713, 'se_ratio': 8, 'depth': 4, 'class_weight_0': 0.5753571532049581, 'class_weight_1': 2.5175890952605293, 'gamma': 2.197316968394073, 'lambda_focal': 0.6560186404424365, 'lambda_dice': 0.7027928764370635, 'lr': 1.2551115172973821e-05}. Best is trial 0 with value: -0.31195635453190396.
[I 2025-09-22 21:36:20,267] Trial 1 finished with value: -0.32133028712931744 and parameters: {'act': 'gelu', 'preact': True, 'up_mode': 'nearest', 'dropout_rate': 1.6260289895074158, 'se_ratio': 8, 'depth': 4, 'class_weight_0': 0.40055750587160444, 'class_weight_1': 2.474530640032882, 'gamma': 1.041168988591605, 'lambda_focal': 1.4699098521619942, 'lambda_dice': 1.5821754330405482, 'lr': 2.2948683681130543e-05}. Best is trial 1 with value: -0.32133028712931744.
[I 2025-09-22 22:20:28,174] Trial 3 finished with value: -0.3189572746390694 and parameters: {'act': 'gelu', 'preact': True, 'up_mode': 'nearest', 'dropout_rate': 0.7363724573692308, 'se_ratio': 8, 'depth': 4, 'class_weight_0': 0.19170225492671691, 'class_weight_1': 1.747636037327168, 'gamma': 2.049512863264476, 'lambda_focal': 0.9319450186421158, 'lambda_dice': 0.8785978822574545, 'lr': 0.00010952662748632558}. Best is trial 1 with value: -0.32133028712931744.
[W 2025-09-22 22:39:32,499] Trial 4 failed with parameters: {'act': 'gelu', 'preact': True, 'up_mode': 'nearest', 'dropout_rate': 0.6813420188476544, 'se_ratio': 8, 'depth': 4, 'class_weight_0': 0.24607232426760908, 'class_weight_1': 1.8594513179286452, 'gamma': 1.9121399684340719, 'lambda_focal': 1.2851759613930136, 'lambda_dice': 0.7595759168058677, 'lr': 7.475992999956501e-05} because of the following error: RuntimeError("Can't decrement id ref count (unable to close file, errno = 13, error message = 'Permission denied')").
Traceback (most recent call last):
  File "/home/kwan/resU-tf215/lib/python3.10/site-packages/optuna/study/_optimize.py", line 201, in _run_trial
    value_or_values = func(trial)
  File "/mnt/project-data/kwan/AI_Forestry/model/Change_Detection_FCNs-main/resUnet_new/tune.py", line 673, in <lambda>
    lambda tr: objective(tr, args),
  File "/mnt/project-data/kwan/AI_Forestry/model/Change_Detection_FCNs-main/resUnet_new/tune.py", line 588, in objective
    history = model.fit(
  File "/home/kwan/resU-tf215/lib/python3.10/site-packages/keras/src/utils/traceback_utils.py", line 70, in error_handler
    raise e.with_traceback(filtered_tb) from None
  File "/home/kwan/resU-tf215/lib/python3.10/site-packages/h5py/_hl/files.py", line 630, in close
    self.id._close_open_objects(h5f.OBJ_LOCAL | h5f.OBJ_FILE)
  File "h5py/_objects.pyx", line 56, in h5py._objects.with_phil.wrapper
  File "h5py/_objects.pyx", line 57, in h5py._objects.with_phil.wrapper
  File "h5py/h5f.pyx", line 355, in h5py.h5f.FileID._close_open_objects
RuntimeError: Can't decrement id ref count (unable to close file, errno = 13, error message = 'Permission denied')
[W 2025-09-22 22:39:32,509] Trial 4 failed with value None.
[Info] Loaded init weights: /mnt/project-data/kwan/AI_Forestry/model/Change_Detection_FCNs-main/resUnet_new/runs_best/resunet_best_iou1/best_resunet.h5
[Info] Loaded init weights: /mnt/project-data/kwan/AI_Forestry/model/Change_Detection_FCNs-main/resUnet_new/runs_best/resunet_best_iou1/best_resunet.h5
[Info] Loaded init weights: /mnt/project-data/kwan/AI_Forestry/model/Change_Detection_FCNs-main/resUnet_new/runs_best/resunet_best_iou1/best_resunet.h5
[Info] Loaded init weights: /mnt/project-data/kwan/AI_Forestry/model/Change_Detection_FCNs-main/resUnet_new/runs_best/resunet_best_iou1/best_resunet.h5
Traceback (most recent call last):
  File "/mnt/project-data/kwan/AI_Forestry/model/Change_Detection_FCNs-main/resUnet_new/tune.py", line 688, in <module>
    main()
  File "/mnt/project-data/kwan/AI_Forestry/model/Change_Detection_FCNs-main/resUnet_new/tune.py", line 672, in main
    study.optimize(
  File "/home/kwan/resU-tf215/lib/python3.10/site-packages/optuna/study/study.py", line 490, in optimize
    _optimize(
  File "/home/kwan/resU-tf215/lib/python3.10/site-packages/optuna/study/_optimize.py", line 63, in _optimize
    _optimize_sequential(
  File "/home/kwan/resU-tf215/lib/python3.10/site-packages/optuna/study/_optimize.py", line 160, in _optimize_sequential
    frozen_trial_id = _run_trial(study, func, catch)
  File "/home/kwan/resU-tf215/lib/python3.10/site-packages/optuna/study/_optimize.py", line 258, in _run_trial
    raise func_err
  File "/home/kwan/resU-tf215/lib/python3.10/site-packages/optuna/study/_optimize.py", line 201, in _run_trial
    value_or_values = func(trial)
  File "/mnt/project-data/kwan/AI_Forestry/model/Change_Detection_FCNs-main/resUnet_new/tune.py", line 673, in <lambda>
    lambda tr: objective(tr, args),
  File "/mnt/project-data/kwan/AI_Forestry/model/Change_Detection_FCNs-main/resUnet_new/tune.py", line 588, in objective
    history = model.fit(
  File "/home/kwan/resU-tf215/lib/python3.10/site-packages/keras/src/utils/traceback_utils.py", line 70, in error_handler
    raise e.with_traceback(filtered_tb) from None
  File "/home/kwan/resU-tf215/lib/python3.10/site-packages/h5py/_hl/files.py", line 630, in close
    self.id._close_open_objects(h5f.OBJ_LOCAL | h5f.OBJ_FILE)
  File "h5py/_objects.pyx", line 56, in h5py._objects.with_phil.wrapper
  File "h5py/_objects.pyx", line 57, in h5py._objects.with_phil.wrapper
  File "h5py/h5f.pyx", line 355, in h5py.h5f.FileID._close_open_objects
RuntimeError: Can't decrement id ref count (unable to close file, errno = 13, error message = 'Permission denied')
nohup: ignoring input
2025-09-22 23:57:41.997565: E external/local_xla/xla/stream_executor/cuda/cuda_dnn.cc:9261] Unable to register cuDNN factory: Attempting to register factory for plugin cuDNN when one has already been registered
2025-09-22 23:57:41.997621: E external/local_xla/xla/stream_executor/cuda/cuda_fft.cc:607] Unable to register cuFFT factory: Attempting to register factory for plugin cuFFT when one has already been registered
2025-09-22 23:57:41.999198: E external/local_xla/xla/stream_executor/cuda/cuda_blas.cc:1515] Unable to register cuBLAS factory: Attempting to register factory for plugin cuBLAS when one has already been registered
2025-09-22 23:57:42.007287: I tensorflow/core/platform/cpu_feature_guard.cc:182] This TensorFlow binary is optimized to use available CPU instructions in performance-critical operations.
To enable the following instructions: AVX2 FMA, in other operations, rebuild TensorFlow with the appropriate compiler flags.
2025-09-22 23:57:42.955205: W tensorflow/compiler/tf2tensorrt/utils/py_utils.cc:38] TF-TRT Warning: Could not find TensorRT
2025-09-22 23:57:44.091757: I tensorflow/core/common_runtime/gpu/gpu_device.cc:2327] Ignoring visible gpu device (device: 1, name: Quadro K620, pci bus id: 0000:02:00.0, compute capability: 5.0) with core count: 3. The minimum required count is 8. You can adjust this requirement with the env var TF_MIN_GPU_MULTIPROCESSOR_COUNT.
[I 2025-09-22 23:57:45,177] Using an existing study with name 'resunet_redd_f' instead of creating a new one.
2025-09-22 23:57:45.775421: I tensorflow/core/common_runtime/gpu/gpu_device.cc:1929] Created device /job:localhost/replica:0/task:0/device:GPU:0 with 9739 MB memory:  -> device: 0, name: NVIDIA TITAN RTX, pci bus id: 0000:03:00.0, compute capability: 7.5
2025-09-22 23:57:55.877813: I external/local_tsl/tsl/platform/default/subprocess.cc:304] Start cannot spawn child process: No such file or directory
2025-09-22 23:57:56.205359: I external/local_xla/xla/stream_executor/cuda/cuda_dnn.cc:454] Loaded cuDNN version 8904
2025-09-22 23:57:56.337595: I external/local_tsl/tsl/platform/default/subprocess.cc:304] Start cannot spawn child process: No such file or directory
2025-09-22 23:59:32.001647: I external/local_xla/xla/service/service.cc:168] XLA service 0x78d484004df0 initialized for platform CUDA (this does not guarantee that XLA will be used). Devices:
2025-09-22 23:59:32.001718: I external/local_xla/xla/service/service.cc:176]   StreamExecutor device (0): NVIDIA TITAN RTX, Compute Capability 7.5
2025-09-22 23:59:32.018840: I tensorflow/compiler/mlir/tensorflow/utils/dump_mlir_util.cc:269] disabling MLIR crash reproducer, set env var `MLIR_CRASH_REPRODUCER_DIRECTORY` to enable.
WARNING: All log messages before absl::InitializeLog() is called are written to STDERR
I0000 00:00:1758599972.175765  363744 device_compiler.h:186] Compiled cluster using XLA!  This line is logged at most once for the lifetime of the process.
/home/kwan/resU-tf215/lib/python3.10/site-packages/keras/src/engine/training.py:3103: UserWarning: You are saving your model as an HDF5 file via `model.save()`. This file format is considered legacy. We recommend using instead the native Keras format, e.g. `model.save('my_model.keras')`.
  saving_api.save_model(
[I 2025-09-23 00:41:06,620] Trial 5 finished with value: -0.313678435711956 and parameters: {'act': 'gelu', 'preact': True, 'up_mode': 'nearest', 'dropout_rate': 0.9869021545015713, 'se_ratio': 8, 'depth': 4, 'class_weight_0': 0.5753571532049581, 'class_weight_1': 2.5175890952605293, 'gamma': 2.197316968394073, 'lambda_focal': 0.6560186404424365, 'lambda_dice': 0.7027928764370635, 'lr': 1.2551115172973821e-05}. Best is trial 1 with value: -0.32133028712931744.
[I 2025-09-23 01:22:21,993] Trial 6 finished with value: -0.311693268732026 and parameters: {'act': 'gelu', 'preact': True, 'up_mode': 'nearest', 'dropout_rate': 1.6260289895074158, 'se_ratio': 8, 'depth': 4, 'class_weight_0': 0.40055750587160444, 'class_weight_1': 2.474530640032882, 'gamma': 1.041168988591605, 'lambda_focal': 1.4699098521619942, 'lambda_dice': 1.5821754330405482, 'lr': 2.2948683681130543e-05}. Best is trial 1 with value: -0.32133028712931744.
[I 2025-09-23 01:40:38,607] Trial 7 pruned. Trial was pruned at epoch 8.
[I 2025-09-23 02:23:28,396] Trial 8 finished with value: -0.31862678414858686 and parameters: {'act': 'gelu', 'preact': True, 'up_mode': 'nearest', 'dropout_rate': 0.6813420188476544, 'se_ratio': 8, 'depth': 4, 'class_weight_0': 0.24607232426760908, 'class_weight_1': 1.8594513179286452, 'gamma': 1.9121399684340719, 'lambda_focal': 1.2851759613930136, 'lambda_dice': 0.7595759168058677, 'lr': 7.475992999956501e-05}. Best is trial 1 with value: -0.32133028712931744.
[I 2025-09-23 02:26:10,384] Trial 9 pruned. Trial was pruned at epoch 0.
[I 2025-09-23 03:03:30,345] Trial 10 finished with value: -0.3224080563772802 and parameters: {'act': 'gelu', 'preact': True, 'up_mode': 'nearest', 'dropout_rate': 1.5509165525513995, 'se_ratio': 8, 'depth': 4, 'class_weight_0': 0.2523068845866854, 'class_weight_1': 1.3758098052114909, 'gamma': 2.3684660530243136, 'lambda_focal': 0.9401524937396013, 'lambda_dice': 0.6586497052982125, 'lr': 6.938901412739398e-05}. Best is trial 10 with value: -0.3224080563772802.
[I 2025-09-23 03:05:45,357] Trial 11 pruned. Trial was pruned at epoch 0.
[I 2025-09-23 03:08:06,070] Trial 12 pruned. Trial was pruned at epoch 0.
[I 2025-09-23 03:10:24,603] Trial 13 pruned. Trial was pruned at epoch 0.
[I 2025-09-23 03:48:18,932] Trial 14 finished with value: -0.32599111096094463 and parameters: {'act': 'gelu', 'preact': True, 'up_mode': 'nearest', 'dropout_rate': 1.5224269314523386, 'se_ratio': 8, 'depth': 4, 'class_weight_0': 0.304126557798341, 'class_weight_1': 1.33372143608562, 'gamma': 1.603599591034191, 'lambda_focal': 1.4138364338208793, 'lambda_dice': 0.5087712833895397, 'lr': 3.7755512553975154e-05}. Best is trial 14 with value: -0.32599111096094463.
[I 2025-09-23 04:27:24,348] Trial 15 finished with value: -0.32964463202745115 and parameters: {'act': 'gelu', 'preact': True, 'up_mode': 'nearest', 'dropout_rate': 1.4854332880333565, 'se_ratio': 8, 'depth': 4, 'class_weight_0': 0.2864194798057735, 'class_weight_1': 1.2820828508217845, 'gamma': 1.6952668609931654, 'lambda_focal': 1.2686898760469325, 'lambda_dice': 0.5040662412518878, 'lr': 3.823012414172603e-05}. Best is trial 15 with value: -0.32964463202745115.
[I 2025-09-23 05:03:46,041] Trial 16 finished with value: -0.3233233772410215 and parameters: {'act': 'gelu', 'preact': True, 'up_mode': 'nearest', 'dropout_rate': 1.410310548335164, 'se_ratio': 8, 'depth': 4, 'class_weight_0': 0.3128857649768992, 'class_weight_1': 1.4402155609525706, 'gamma': 1.5728779591131836, 'lambda_focal': 1.3147837190048979, 'lambda_dice': 0.546755251513337, 'lr': 4.330608701032163e-05}. Best is trial 15 with value: -0.32964463202745115.
[I 2025-09-23 05:39:32,259] Trial 17 finished with value: -0.36499942751521586 and parameters: {'act': 'gelu', 'preact': True, 'up_mode': 'nearest', 'dropout_rate': 1.1323148975284392, 'se_ratio': 8, 'depth': 4, 'class_weight_0': 0.4649174147658508, 'class_weight_1': 1.2137116918380775, 'gamma': 1.7242296427197705, 'lambda_focal': 1.324384803173261, 'lambda_dice': 0.5365010742337495, 'lr': 0.00020121846448421695}. Best is trial 17 with value: -0.36499942751521586.
[I 2025-09-23 05:41:35,624] Trial 18 pruned. Trial was pruned at epoch 0.
[I 2025-09-23 05:43:34,454] Trial 19 pruned. Trial was pruned at epoch 0.
[I 2025-09-23 06:19:22,762] Trial 20 finished with value: -0.3658708654952783 and parameters: {'act': 'gelu', 'preact': True, 'up_mode': 'nearest', 'dropout_rate': 1.0335102652497137, 'se_ratio': 8, 'depth': 4, 'class_weight_0': 0.4983270005515471, 'class_weight_1': 1.2052227829267943, 'gamma': 1.8507045626078993, 'lambda_focal': 1.0844530911529586, 'lambda_dice': 0.535384734308556, 'lr': 0.0001825058955505556}. Best is trial 20 with value: -0.3658708654952783.
[I 2025-09-23 06:21:24,825] Trial 21 pruned. Trial was pruned at epoch 0.
[I 2025-09-23 06:23:25,711] Trial 22 pruned. Trial was pruned at epoch 0.
[I 2025-09-23 06:25:23,609] Trial 23 pruned. Trial was pruned at epoch 0.
[I 2025-09-23 07:00:43,374] Trial 24 finished with value: -0.3454888847728249 and parameters: {'act': 'gelu', 'preact': True, 'up_mode': 'nearest', 'dropout_rate': 1.1564953710576285, 'se_ratio': 8, 'depth': 4, 'class_weight_0': 0.4309386687363728, 'class_weight_1': 1.2138647711432138, 'gamma': 1.7816656200851715, 'lambda_focal': 1.376601232474731, 'lambda_dice': 0.5290667207291317, 'lr': 5.519603476739809e-05}. Best is trial 20 with value: -0.3658708654952783.
[I 2025-09-23 07:02:45,989] Trial 25 pruned. Trial was pruned at epoch 0.
[I 2025-09-23 07:06:27,782] Trial 26 pruned. Trial was pruned at epoch 1.
[I 2025-09-23 07:08:29,723] Trial 27 pruned. Trial was pruned at epoch 0.
[I 2025-09-23 07:10:32,347] Trial 28 pruned. Trial was pruned at epoch 0.
[I 2025-09-23 07:12:30,087] Trial 29 pruned. Trial was pruned at epoch 0.
[I 2025-09-23 07:14:33,217] Trial 30 pruned. Trial was pruned at epoch 0.
[I 2025-09-23 07:16:33,000] Trial 31 pruned. Trial was pruned at epoch 0.
[I 2025-09-23 07:18:34,792] Trial 32 pruned. Trial was pruned at epoch 0.
[I 2025-09-23 07:53:57,471] Trial 33 finished with value: -0.32580356776200986 and parameters: {'act': 'gelu', 'preact': True, 'up_mode': 'nearest', 'dropout_rate': 1.4106161567655457, 'se_ratio': 8, 'depth': 4, 'class_weight_0': 0.3574080555323379, 'class_weight_1': 1.290184122541209, 'gamma': 1.7150338079579832, 'lambda_focal': 1.2736027747307281, 'lambda_dice': 0.5187562888268407, 'lr': 1.6390806729356417e-05}. Best is trial 20 with value: -0.3658708654952783.
[I 2025-09-23 08:22:06,619] Trial 34 finished with value: -0.3225880672930741 and parameters: {'act': 'gelu', 'preact': True, 'up_mode': 'nearest', 'dropout_rate': 1.1002036605056154, 'se_ratio': 8, 'depth': 4, 'class_weight_0': 0.2634241837112763, 'class_weight_1': 1.208603857540432, 'gamma': 1.8491376556407058, 'lambda_focal': 1.332469491574819, 'lambda_dice': 0.5161380473334262, 'lr': 2.965300140782711e-05}. Best is trial 20 with value: -0.3658708654952783.
[I 2025-09-23 08:24:06,742] Trial 35 pruned. Trial was pruned at epoch 0.
[I 2025-09-23 08:27:58,680] Trial 36 pruned. Trial was pruned at epoch 1.
[I 2025-09-23 08:30:01,018] Trial 37 pruned. Trial was pruned at epoch 0.
[I 2025-09-23 08:32:02,894] Trial 38 pruned. Trial was pruned at epoch 0.
[I 2025-09-23 08:34:07,044] Trial 39 pruned. Trial was pruned at epoch 0.
[I 2025-09-23 09:11:28,063] Trial 40 finished with value: -0.3135627119568463 and parameters: {'act': 'gelu', 'preact': True, 'up_mode': 'nearest', 'dropout_rate': 1.2245398207760108, 'se_ratio': 8, 'depth': 4, 'class_weight_0': 0.21929623687789118, 'class_weight_1': 1.283927165179058, 'gamma': 2.0653386858332485, 'lambda_focal': 1.3382168872644744, 'lambda_dice': 0.5839173225695532, 'lr': 7.558690390517618e-05}. Best is trial 20 with value: -0.3658708654952783.
[I 2025-09-23 09:49:38,247] Trial 41 finished with value: -0.25597230744505084 and parameters: {'act': 'gelu', 'preact': True, 'up_mode': 'nearest', 'dropout_rate': 1.6027160194912158, 'se_ratio': 8, 'depth': 4, 'class_weight_0': 0.10809767205996992, 'class_weight_1': 2.6327060475282864, 'gamma': 1.1932880757835875, 'lambda_focal': 0.9848973292554207, 'lambda_dice': 0.5014717370982456, 'lr': 9.213154429776177e-05}. Best is trial 20 with value: -0.3658708654952783.
[I 2025-09-23 09:51:57,862] Trial 42 pruned. Trial was pruned at epoch 0.
[I 2025-09-23 10:29:00,464] Trial 43 finished with value: -0.3212691717002582 and parameters: {'act': 'gelu', 'preact': True, 'up_mode': 'nearest', 'dropout_rate': 1.4888028179223327, 'se_ratio': 8, 'depth': 4, 'class_weight_0': 0.29517664813396693, 'class_weight_1': 1.334985776802016, 'gamma': 1.630796559159414, 'lambda_focal': 1.4322460148013694, 'lambda_dice': 0.5161954946203011, 'lr': 3.990205635125973e-05}. Best is trial 20 with value: -0.3658708654952783.
