[I 2025-09-23 10:31:21,921] Trial 44 pruned. Trial was pruned at epoch 0.
[Info] Loaded init weights: /mnt/project-data/kwan/AI_Forestry/model/Change_Detection_FCNs-main/resUnet_new/runs_best/resunet_best_iou1/best_resunet.h5
[Info] Loaded init weights: /mnt/project-data/kwan/AI_Forestry/model/Change_Detection_FCNs-main/resUnet_new/runs_best/resunet_best_iou1/best_resunet.h5
[Info] Loaded init weights: /mnt/project-data/kwan/AI_Forestry/model/Change_Detection_FCNs-main/resUnet_new/runs_best/resunet_best_iou1/best_resunet.h5
[Info] Loaded init weights: /mnt/project-data/kwan/AI_Forestry/model/Change_Detection_FCNs-main/resUnet_new/runs_best/resunet_best_iou1/best_resunet.h5
[Info] Loaded init weights: /mnt/project-data/kwan/AI_Forestry/model/Change_Detection_FCNs-main/resUnet_new/runs_best/resunet_best_iou1/best_resunet.h5
[Info] Loaded init weights: /mnt/project-data/kwan/AI_Forestry/model/Change_Detection_FCNs-main/resUnet_new/runs_best/resunet_best_iou1/best_resunet.h5
[Info] Loaded init weights: /mnt/project-data/kwan/AI_Forestry/model/Change_Detection_FCNs-main/resUnet_new/runs_best/resunet_best_iou1/best_resunet.h5
[Info] Loaded init weights: /mnt/project-data/kwan/AI_Forestry/model/Change_Detection_FCNs-main/resUnet_new/runs_best/resunet_best_iou1/best_resunet.h5
[Info] Loaded init weights: /mnt/project-data/kwan/AI_Forestry/model/Change_Detection_FCNs-main/resUnet_new/runs_best/resunet_best_iou1/best_resunet.h5
[Info] Loaded init weights: /mnt/project-data/kwan/AI_Forestry/model/Change_Detection_FCNs-main/resUnet_new/runs_best/resunet_best_iou1/best_resunet.h5
[Info] Loaded init weights: /mnt/project-data/kwan/AI_Forestry/model/Change_Detection_FCNs-main/resUnet_new/runs_best/resunet_best_iou1/best_resunet.h5
[Info] Loaded init weights: /mnt/project-data/kwan/AI_Forestry/model/Change_Detection_FCNs-main/resUnet_new/runs_best/resunet_best_iou1/best_resunet.h5
[Info] Loaded init weights: /mnt/project-data/kwan/AI_Forestry/model/Change_Detection_FCNs-main/resUnet_new/runs_best/resunet_best_iou1/best_resunet.h5
[Info] Loaded init weights: /mnt/project-data/kwan/AI_Forestry/model/Change_Detection_FCNs-main/resUnet_new/runs_best/resunet_best_iou1/best_resunet.h5
[Info] Loaded init weights: /mnt/project-data/kwan/AI_Forestry/model/Change_Detection_FCNs-main/resUnet_new/runs_best/resunet_best_iou1/best_resunet.h5
[Info] Loaded init weights: /mnt/project-data/kwan/AI_Forestry/model/Change_Detection_FCNs-main/resUnet_new/runs_best/resunet_best_iou1/best_resunet.h5
[Info] Loaded init weights: /mnt/project-data/kwan/AI_Forestry/model/Change_Detection_FCNs-main/resUnet_new/runs_best/resunet_best_iou1/best_resunet.h5
[Info] Loaded init weights: /mnt/project-data/kwan/AI_Forestry/model/Change_Detection_FCNs-main/resUnet_new/runs_best/resunet_best_iou1/best_resunet.h5
[Info] Loaded init weights: /mnt/project-data/kwan/AI_Forestry/model/Change_Detection_FCNs-main/resUnet_new/runs_best/resunet_best_iou1/best_resunet.h5
[Info] Loaded init weights: /mnt/project-data/kwan/AI_Forestry/model/Change_Detection_FCNs-main/resUnet_new/runs_best/resunet_best_iou1/best_resunet.h5
[Info] Loaded init weights: /mnt/project-data/kwan/AI_Forestry/model/Change_Detection_FCNs-main/resUnet_new/runs_best/resunet_best_iou1/best_resunet.h5
[Info] Loaded init weights: /mnt/project-data/kwan/AI_Forestry/model/Change_Detection_FCNs-main/resUnet_new/runs_best/resunet_best_iou1/best_resunet.h5
[Info] Loaded init weights: /mnt/project-data/kwan/AI_Forestry/model/Change_Detection_FCNs-main/resUnet_new/runs_best/resunet_best_iou1/best_resunet.h5
[Info] Loaded init weights: /mnt/project-data/kwan/AI_Forestry/model/Change_Detection_FCNs-main/resUnet_new/runs_best/resunet_best_iou1/best_resunet.h5
[Info] Loaded init weights: /mnt/project-data/kwan/AI_Forestry/model/Change_Detection_FCNs-main/resUnet_new/runs_best/resunet_best_iou1/best_resunet.h5
[Info] Loaded init weights: /mnt/project-data/kwan/AI_Forestry/model/Change_Detection_FCNs-main/resUnet_new/runs_best/resunet_best_iou1/best_resunet.h5
[Info] Loaded init weights: /mnt/project-data/kwan/AI_Forestry/model/Change_Detection_FCNs-main/resUnet_new/runs_best/resunet_best_iou1/best_resunet.h5
[Info] Loaded init weights: /mnt/project-data/kwan/AI_Forestry/model/Change_Detection_FCNs-main/resUnet_new/runs_best/resunet_best_iou1/best_resunet.h5
[Info] Loaded init weights: /mnt/project-data/kwan/AI_Forestry/model/Change_Detection_FCNs-main/resUnet_new/runs_best/resunet_best_iou1/best_resunet.h5
[Info] Loaded init weights: /mnt/project-data/kwan/AI_Forestry/model/Change_Detection_FCNs-main/resUnet_new/runs_best/resunet_best_iou1/best_resunet.h5
[Info] Loaded init weights: /mnt/project-data/kwan/AI_Forestry/model/Change_Detection_FCNs-main/resUnet_new/runs_best/resunet_best_iou1/best_resunet.h5
[Info] Loaded init weights: /mnt/project-data/kwan/AI_Forestry/model/Change_Detection_FCNs-main/resUnet_new/runs_best/resunet_best_iou1/best_resunet.h5
[Info] Loaded init weights: /mnt/project-data/kwan/AI_Forestry/model/Change_Detection_FCNs-main/resUnet_new/runs_best/resunet_best_iou1/best_resunet.h5
[Info] Loaded init weights: /mnt/project-data/kwan/AI_Forestry/model/Change_Detection_FCNs-main/resUnet_new/runs_best/resunet_best_iou1/best_resunet.h5
[Info] Loaded init weights: /mnt/project-data/kwan/AI_Forestry/model/Change_Detection_FCNs-main/resUnet_new/runs_best/resunet_best_iou1/best_resunet.h5
[Info] Loaded init weights: /mnt/project-data/kwan/AI_Forestry/model/Change_Detection_FCNs-main/resUnet_new/runs_best/resunet_best_iou1/best_resunet.h5
[Info] Loaded init weights: /mnt/project-data/kwan/AI_Forestry/model/Change_Detection_FCNs-main/resUnet_new/runs_best/resunet_best_iou1/best_resunet.h5
[Info] Loaded init weights: /mnt/project-data/kwan/AI_Forestry/model/Change_Detection_FCNs-main/resUnet_new/runs_best/resunet_best_iou1/best_resunet.h5
[Info] Loaded init weights: /mnt/project-data/kwan/AI_Forestry/model/Change_Detection_FCNs-main/resUnet_new/runs_best/resunet_best_iou1/best_resunet.h5
[Info] Loaded init weights: /mnt/project-data/kwan/AI_Forestry/model/Change_Detection_FCNs-main/resUnet_new/runs_best/resunet_best_iou1/best_resunet.h5
== Best trial ==
objective (=-IoU_class1): -0.3658708654952783
=> IoU_class1: 0.3658708654952783
params:
  act: gelu
  preact: True
  up_mode: nearest
  dropout_rate: 1.0335102652497137
  se_ratio: 8
  depth: 4
  class_weight_0: 0.4983270005515471
  class_weight_1: 1.2052227829267943
  gamma: 1.8507045626078993
  lambda_focal: 1.0844530911529586
  lambda_dice: 0.535384734308556
  lr: 0.0001825058955505556
